The system is: Linux - 3.10.0-1160.71.1.el7.x86_64 - x86_64
Compiling the C compiler identification source file "CMakeCCompilerId.c" succeeded.
Compiler: /usr/bin/cc 
Build flags: 
Id flags:  

The output was:
0


Compilation of the C compiler identification source "CMakeCCompilerId.c" produced "a.out"

The C compiler identification is GNU, found in "/tmp/tmp.FeYmIOPXsU/cmake-build-debug/CMakeFiles/3.14.3/CompilerIdC/a.out"

Determining if the C compiler works passed with the following output:
Change Dir: /tmp/tmp.FeYmIOPXsU/cmake-build-debug/CMakeFiles/CMakeTmp

Run Build Command(s):/usr/bin/gmake cmTC_c8670/fast 
/usr/bin/gmake -f CMakeFiles/cmTC_c8670.dir/build.make CMakeFiles/cmTC_c8670.dir/build
gmake[1]: Entering directory `/tmp/tmp.FeYmIOPXsU/cmake-build-debug/CMakeFiles/CMakeTmp'
Building C object CMakeFiles/cmTC_c8670.dir/testCCompiler.c.o
/usr/bin/cc    -o CMakeFiles/cmTC_c8670.dir/testCCompiler.c.o   -c /tmp/tmp.FeYmIOPXsU/cmake-build-debug/CMakeFiles/CMakeTmp/testCCompiler.c
Linking C executable cmTC_c8670
/usr/local/bin/cmake -E cmake_link_script CMakeFiles/cmTC_c8670.dir/link.txt --verbose=1
/usr/bin/cc      CMakeFiles/cmTC_c8670.dir/testCCompiler.c.o  -o cmTC_c8670 
gmake[1]: Leaving directory `/tmp/tmp.FeYmIOPXsU/cmake-build-debug/CMakeFiles/CMakeTmp'


Detecting C compiler ABI info compiled with the following output:
Change Dir: /tmp/tmp.FeYmIOPXsU/cmake-build-debug/CMakeFiles/CMakeTmp

Run Build Command(s):/usr/bin/gmake cmTC_35f8c/fast 
/usr/bin/gmake -f CMakeFiles/cmTC_35f8c.dir/build.make CMakeFiles/cmTC_35f8c.dir/build
gmake[1]: Entering directory `/tmp/tmp.FeYmIOPXsU/cmake-build-debug/CMakeFiles/CMakeTmp'
Building C object CMakeFiles/cmTC_35f8c.dir/CMakeCCompilerABI.c.o
/usr/bin/cc   -v -o CMakeFiles/cmTC_35f8c.dir/CMakeCCompilerABI.c.o   -c /usr/local/share/cmake-3.14/Modules/CMakeCCompilerABI.c
Using built-in specs.
COLLECT_GCC=/usr/bin/cc
Target: x86_64-redhat-linux
Configured with: ../configure --enable-bootstrap --enable-languages=c,c++,fortran,lto --prefix=/opt/rh/devtoolset-9/root/usr --mandir=/opt/rh/devtoolset-9/root/usr/share/man --infodir=/opt/rh/devtoolset-9/root/usr/share/info --with-bugurl=http://bugzilla.redhat.com/bugzilla --enable-shared --enable-threads=posix --enable-checking=release --enable-multilib --with-system-zlib --enable-__cxa_atexit --disable-libunwind-exceptions --enable-gnu-unique-object --enable-linker-build-id --with-gcc-major-version-only --with-linker-hash-style=gnu --with-default-libstdcxx-abi=gcc4-compatible --enable-plugin --enable-initfini-array --with-isl=/builddir/build/BUILD/gcc-9.3.1-20200408/obj-x86_64-redhat-linux/isl-install --disable-libmpx --enable-gnu-indirect-function --with-tune=generic --with-arch_32=x86-64 --build=x86_64-redhat-linux
Thread model: posix
gcc version 9.3.1 20200408 (Red Hat 9.3.1-2) (GCC) 
COLLECT_GCC_OPTIONS='-v' '-o' 'CMakeFiles/cmTC_35f8c.dir/CMakeCCompilerABI.c.o' '-c' '-mtune=generic' '-march=x86-64'
 /opt/rh/devtoolset-9/root/usr/libexec/gcc/x86_64-redhat-linux/9/cc1 -quiet -v /usr/local/share/cmake-3.14/Modules/CMakeCCompilerABI.c -quiet -dumpbase CMakeCCompilerABI.c -mtune=generic -march=x86-64 -auxbase-strip CMakeFiles/cmTC_35f8c.dir/CMakeCCompilerABI.c.o -version -o /tmp/cc3FM3wX.s
GNU C17 (GCC) version 9.3.1 20200408 (Red Hat 9.3.1-2) (x86_64-redhat-linux)
	compiled by GNU C version 9.3.1 20200408 (Red Hat 9.3.1-2), GMP version 6.0.0, MPFR version 3.1.1, MPC version 1.0.1, isl version isl-0.16.1-GMP

GGC heuristics: --param ggc-min-expand=100 --param ggc-min-heapsize=131072
ignoring nonexistent directory "/opt/rh/devtoolset-9/root/usr/lib/gcc/x86_64-redhat-linux/9/include-fixed"
ignoring nonexistent directory "/opt/rh/devtoolset-9/root/usr/lib/gcc/x86_64-redhat-linux/9/../../../../x86_64-redhat-linux/include"
#include "..." search starts here:
#include <...> search starts here:
 /opt/rh/devtoolset-9/root/usr/lib/gcc/x86_64-redhat-linux/9/include
 /usr/local/include
 /opt/rh/devtoolset-9/root/usr/include
 /usr/include
End of search list.
GNU C17 (GCC) version 9.3.1 20200408 (Red Hat 9.3.1-2) (x86_64-redhat-linux)
	compiled by GNU C version 9.3.1 20200408 (Red Hat 9.3.1-2), GMP version 6.0.0, MPFR version 3.1.1, MPC version 1.0.1, isl version isl-0.16.1-GMP

GGC heuristics: --param ggc-min-expand=100 --param ggc-min-heapsize=131072
Compiler executable checksum: 9052cf03d8b774674ae408635cd5eca1
COLLECT_GCC_OPTIONS='-v' '-o' 'CMakeFiles/cmTC_35f8c.dir/CMakeCCompilerABI.c.o' '-c' '-mtune=generic' '-march=x86-64'
 /opt/rh/devtoolset-9/root/usr/libexec/gcc/x86_64-redhat-linux/9/as -v --64 -o CMakeFiles/cmTC_35f8c.dir/CMakeCCompilerABI.c.o /tmp/cc3FM3wX.s
GNU assembler version 2.32 (x86_64-redhat-linux) using BFD version version 2.32-16.el7
COMPILER_PATH=/opt/rh/devtoolset-9/root/usr/libexec/gcc/x86_64-redhat-linux/9/:/opt/rh/devtoolset-9/root/usr/libexec/gcc/x86_64-redhat-linux/9/:/opt/rh/devtoolset-9/root/usr/libexec/gcc/x86_64-redhat-linux/:/opt/rh/devtoolset-9/root/usr/lib/gcc/x86_64-redhat-linux/9/:/opt/rh/devtoolset-9/root/usr/lib/gcc/x86_64-redhat-linux/
LIBRARY_PATH=/opt/rh/devtoolset-9/root/usr/lib/gcc/x86_64-redhat-linux/9/:/opt/rh/devtoolset-9/root/usr/lib/gcc/x86_64-redhat-linux/9/../../../../lib64/:/lib/../lib64/:/usr/lib/../lib64/:/opt/rh/devtoolset-9/root/usr/lib/gcc/x86_64-redhat-linux/9/../../../:/lib/:/usr/lib/
COLLECT_GCC_OPTIONS='-v' '-o' 'CMakeFiles/cmTC_35f8c.dir/CMakeCCompilerABI.c.o' '-c' '-mtune=generic' '-march=x86-64'
Linking C executable cmTC_35f8c
/usr/local/bin/cmake -E cmake_link_script CMakeFiles/cmTC_35f8c.dir/link.txt --verbose=1
/usr/bin/cc     -v CMakeFiles/cmTC_35f8c.dir/CMakeCCompilerABI.c.o  -o cmTC_35f8c 
Using built-in specs.
COLLECT_GCC=/usr/bin/cc
COLLECT_LTO_WRAPPER=/opt/rh/devtoolset-9/root/usr/libexec/gcc/x86_64-redhat-linux/9/lto-wrapper
Target: x86_64-redhat-linux
Configured with: ../configure --enable-bootstrap --enable-languages=c,c++,fortran,lto --prefix=/opt/rh/devtoolset-9/root/usr --mandir=/opt/rh/devtoolset-9/root/usr/share/man --infodir=/opt/rh/devtoolset-9/root/usr/share/info --with-bugurl=http://bugzilla.redhat.com/bugzilla --enable-shared --enable-threads=posix --enable-checking=release --enable-multilib --with-system-zlib --enable-__cxa_atexit --disable-libunwind-exceptions --enable-gnu-unique-object --enable-linker-build-id --with-gcc-major-version-only --with-linker-hash-style=gnu --with-default-libstdcxx-abi=gcc4-compatible --enable-plugin --enable-initfini-array --with-isl=/builddir/build/BUILD/gcc-9.3.1-20200408/obj-x86_64-redhat-linux/isl-install --disable-libmpx --enable-gnu-indirect-function --with-tune=generic --with-arch_32=x86-64 --build=x86_64-redhat-linux
Thread model: posix
gcc version 9.3.1 20200408 (Red Hat 9.3.1-2) (GCC) 
COMPILER_PATH=/opt/rh/devtoolset-9/root/usr/libexec/gcc/x86_64-redhat-linux/9/:/opt/rh/devtoolset-9/root/usr/libexec/gcc/x86_64-redhat-linux/9/:/opt/rh/devtoolset-9/root/usr/libexec/gcc/x86_64-redhat-linux/:/opt/rh/devtoolset-9/root/usr/lib/gcc/x86_64-redhat-linux/9/:/opt/rh/devtoolset-9/root/usr/lib/gcc/x86_64-redhat-linux/
LIBRARY_PATH=/opt/rh/devtoolset-9/root/usr/lib/gcc/x86_64-redhat-linux/9/:/opt/rh/devtoolset-9/root/usr/lib/gcc/x86_64-redhat-linux/9/../../../../lib64/:/lib/../lib64/:/usr/lib/../lib64/:/opt/rh/devtoolset-9/root/usr/lib/gcc/x86_64-redhat-linux/9/../../../:/lib/:/usr/lib/
COLLECT_GCC_OPTIONS='-v' '-o' 'cmTC_35f8c' '-mtune=generic' '-march=x86-64'
 /opt/rh/devtoolset-9/root/usr/libexec/gcc/x86_64-redhat-linux/9/collect2 -plugin /opt/rh/devtoolset-9/root/usr/libexec/gcc/x86_64-redhat-linux/9/liblto_plugin.so -plugin-opt=/opt/rh/devtoolset-9/root/usr/libexec/gcc/x86_64-redhat-linux/9/lto-wrapper -plugin-opt=-fresolution=/tmp/ccsq7AE0.res -plugin-opt=-pass-through=-lgcc -plugin-opt=-pass-through=-lgcc_s -plugin-opt=-pass-through=-lc -plugin-opt=-pass-through=-lgcc -plugin-opt=-pass-through=-lgcc_s --build-id --no-add-needed --eh-frame-hdr --hash-style=gnu -m elf_x86_64 -dynamic-linker /lib64/ld-linux-x86-64.so.2 -o cmTC_35f8c /lib/../lib64/crt1.o /lib/../lib64/crti.o /opt/rh/devtoolset-9/root/usr/lib/gcc/x86_64-redhat-linux/9/crtbegin.o -L/opt/rh/devtoolset-9/root/usr/lib/gcc/x86_64-redhat-linux/9 -L/opt/rh/devtoolset-9/root/usr/lib/gcc/x86_64-redhat-linux/9/../../../../lib64 -L/lib/../lib64 -L/usr/lib/../lib64 -L/opt/rh/devtoolset-9/root/usr/lib/gcc/x86_64-redhat-linux/9/../../.. CMakeFiles/cmTC_35f8c.dir/CMakeCCompilerABI.c.o -lgcc --push-state --as-needed -lgcc_s --pop-state -lc -lgcc --push-state --as-needed -lgcc_s --pop-state /opt/rh/devtoolset-9/root/usr/lib/gcc/x86_64-redhat-linux/9/crtend.o /lib/../lib64/crtn.o
COLLECT_GCC_OPTIONS='-v' '-o' 'cmTC_35f8c' '-mtune=generic' '-march=x86-64'
gmake[1]: Leaving directory `/tmp/tmp.FeYmIOPXsU/cmake-build-debug/CMakeFiles/CMakeTmp'


Parsed C implicit include dir info from above output: rv=done
  found start of include info
  found start of implicit include info
    add: [/opt/rh/devtoolset-9/root/usr/lib/gcc/x86_64-redhat-linux/9/include]
    add: [/usr/local/include]
    add: [/opt/rh/devtoolset-9/root/usr/include]
    add: [/usr/include]
  end of search list found
  collapse include dir [/opt/rh/devtoolset-9/root/usr/lib/gcc/x86_64-redhat-linux/9/include] ==> [/opt/rh/devtoolset-9/root/usr/lib/gcc/x86_64-redhat-linux/9/include]
  collapse include dir [/usr/local/include] ==> [/usr/local/include]
  collapse include dir [/opt/rh/devtoolset-9/root/usr/include] ==> [/opt/rh/devtoolset-9/root/usr/include]
  collapse include dir [/usr/include] ==> [/usr/include]
  implicit include dirs: [/opt/rh/devtoolset-9/root/usr/lib/gcc/x86_64-redhat-linux/9/include;/usr/local/include;/opt/rh/devtoolset-9/root/usr/include;/usr/include]


Parsed C implicit link information from above output:
  link line regex: [^( *|.*[/\])(ld|CMAKE_LINK_STARTFILE-NOTFOUND|([^/\]+-)?ld|collect2)[^/\]*( |$)]
  ignore line: [Change Dir: /tmp/tmp.FeYmIOPXsU/cmake-build-debug/CMakeFiles/CMakeTmp]
  ignore line: []
  ignore line: [Run Build Command(s):/usr/bin/gmake cmTC_35f8c/fast ]
  ignore line: [/usr/bin/gmake -f CMakeFiles/cmTC_35f8c.dir/build.make CMakeFiles/cmTC_35f8c.dir/build]
  ignore line: [gmake[1]: Entering directory `/tmp/tmp.FeYmIOPXsU/cmake-build-debug/CMakeFiles/CMakeTmp']
  ignore line: [Building C object CMakeFiles/cmTC_35f8c.dir/CMakeCCompilerABI.c.o]
  ignore line: [/usr/bin/cc   -v -o CMakeFiles/cmTC_35f8c.dir/CMakeCCompilerABI.c.o   -c /usr/local/share/cmake-3.14/Modules/CMakeCCompilerABI.c]
  ignore line: [Using built-in specs.]
  ignore line: [COLLECT_GCC=/usr/bin/cc]
  ignore line: [Target: x86_64-redhat-linux]
  ignore line: [Configured with: ../configure --enable-bootstrap --enable-languages=c,c++,fortran,lto --prefix=/opt/rh/devtoolset-9/root/usr --mandir=/opt/rh/devtoolset-9/root/usr/share/man --infodir=/opt/rh/devtoolset-9/root/usr/share/info --with-bugurl=http://bugzilla.redhat.com/bugzilla --enable-shared --enable-threads=posix --enable-checking=release --enable-multilib --with-system-zlib --enable-__cxa_atexit --disable-libunwind-exceptions --enable-gnu-unique-object --enable-linker-build-id --with-gcc-major-version-only --with-linker-hash-style=gnu --with-default-libstdcxx-abi=gcc4-compatible --enable-plugin --enable-initfini-array --with-isl=/builddir/build/BUILD/gcc-9.3.1-20200408/obj-x86_64-redhat-linux/isl-install --disable-libmpx --enable-gnu-indirect-function --with-tune=generic --with-arch_32=x86-64 --build=x86_64-redhat-linux]
  ignore line: [Thread model: posix]
  ignore line: [gcc version 9.3.1 20200408 (Red Hat 9.3.1-2) (GCC) ]
  ignore line: [COLLECT_GCC_OPTIONS='-v' '-o' 'CMakeFiles/cmTC_35f8c.dir/CMakeCCompilerABI.c.o' '-c' '-mtune=generic' '-march=x86-64']
  ignore line: [ /opt/rh/devtoolset-9/root/usr/libexec/gcc/x86_64-redhat-linux/9/cc1 -quiet -v /usr/local/share/cmake-3.14/Modules/CMakeCCompilerABI.c -quiet -dumpbase CMakeCCompilerABI.c -mtune=generic -march=x86-64 -auxbase-strip CMakeFiles/cmTC_35f8c.dir/CMakeCCompilerABI.c.o -version -o /tmp/cc3FM3wX.s]
  ignore line: [GNU C17 (GCC) version 9.3.1 20200408 (Red Hat 9.3.1-2) (x86_64-redhat-linux)]
  ignore line: [	compiled by GNU C version 9.3.1 20200408 (Red Hat 9.3.1-2), GMP version 6.0.0, MPFR version 3.1.1, MPC version 1.0.1, isl version isl-0.16.1-GMP]
  ignore line: []
  ignore line: [GGC heuristics: --param ggc-min-expand=100 --param ggc-min-heapsize=131072]
  ignore line: [ignoring nonexistent directory "/opt/rh/devtoolset-9/root/usr/lib/gcc/x86_64-redhat-linux/9/include-fixed"]
  ignore line: [ignoring nonexistent directory "/opt/rh/devtoolset-9/root/usr/lib/gcc/x86_64-redhat-linux/9/../../../../x86_64-redhat-linux/include"]
  ignore line: [#include "..." search starts here:]
  ignore line: [#include <...> search starts here:]
  ignore line: [ /opt/rh/devtoolset-9/root/usr/lib/gcc/x86_64-redhat-linux/9/include]
  ignore line: [ /usr/local/include]
  ignore line: [ /opt/rh/devtoolset-9/root/usr/include]
  ignore line: [ /usr/include]
  ignore line: [End of search list.]
  ignore line: [GNU C17 (GCC) version 9.3.1 20200408 (Red Hat 9.3.1-2) (x86_64-redhat-linux)]
  ignore line: [	compiled by GNU C version 9.3.1 20200408 (Red Hat 9.3.1-2), GMP version 6.0.0, MPFR version 3.1.1, MPC version 1.0.1, isl version isl-0.16.1-GMP]
  ignore line: []
  ignore line: [GGC heuristics: --param ggc-min-expand=100 --param ggc-min-heapsize=131072]
  ignore line: [Compiler executable checksum: 9052cf03d8b774674ae408635cd5eca1]
  ignore line: [COLLECT_GCC_OPTIONS='-v' '-o' 'CMakeFiles/cmTC_35f8c.dir/CMakeCCompilerABI.c.o' '-c' '-mtune=generic' '-march=x86-64']
  ignore line: [ /opt/rh/devtoolset-9/root/usr/libexec/gcc/x86_64-redhat-linux/9/as -v --64 -o CMakeFiles/cmTC_35f8c.dir/CMakeCCompilerABI.c.o /tmp/cc3FM3wX.s]
  ignore line: [GNU assembler version 2.32 (x86_64-redhat-linux) using BFD version version 2.32-16.el7]
  ignore line: [COMPILER_PATH=/opt/rh/devtoolset-9/root/usr/libexec/gcc/x86_64-redhat-linux/9/:/opt/rh/devtoolset-9/root/usr/libexec/gcc/x86_64-redhat-linux/9/:/opt/rh/devtoolset-9/root/usr/libexec/gcc/x86_64-redhat-linux/:/opt/rh/devtoolset-9/root/usr/lib/gcc/x86_64-redhat-linux/9/:/opt/rh/devtoolset-9/root/usr/lib/gcc/x86_64-redhat-linux/]
  ignore line: [LIBRARY_PATH=/opt/rh/devtoolset-9/root/usr/lib/gcc/x86_64-redhat-linux/9/:/opt/rh/devtoolset-9/root/usr/lib/gcc/x86_64-redhat-linux/9/../../../../lib64/:/lib/../lib64/:/usr/lib/../lib64/:/opt/rh/devtoolset-9/root/usr/lib/gcc/x86_64-redhat-linux/9/../../../:/lib/:/usr/lib/]
  ignore line: [COLLECT_GCC_OPTIONS='-v' '-o' 'CMakeFiles/cmTC_35f8c.dir/CMakeCCompilerABI.c.o' '-c' '-mtune=generic' '-march=x86-64']
  ignore line: [Linking C executable cmTC_35f8c]
  ignore line: [/usr/local/bin/cmake -E cmake_link_script CMakeFiles/cmTC_35f8c.dir/link.txt --verbose=1]
  ignore line: [/usr/bin/cc     -v CMakeFiles/cmTC_35f8c.dir/CMakeCCompilerABI.c.o  -o cmTC_35f8c ]
  ignore line: [Using built-in specs.]
  ignore line: [COLLECT_GCC=/usr/bin/cc]
  ignore line: [COLLECT_LTO_WRAPPER=/opt/rh/devtoolset-9/root/usr/libexec/gcc/x86_64-redhat-linux/9/lto-wrapper]
  ignore line: [Target: x86_64-redhat-linux]
  ignore line: [Configured with: ../configure --enable-bootstrap --enable-languages=c,c++,fortran,lto --prefix=/opt/rh/devtoolset-9/root/usr --mandir=/opt/rh/devtoolset-9/root/usr/share/man --infodir=/opt/rh/devtoolset-9/root/usr/share/info --with-bugurl=http://bugzilla.redhat.com/bugzilla --enable-shared --enable-threads=posix --enable-checking=release --enable-multilib --with-system-zlib --enable-__cxa_atexit --disable-libunwind-exceptions --enable-gnu-unique-object --enable-linker-build-id --with-gcc-major-version-only --with-linker-hash-style=gnu --with-default-libstdcxx-abi=gcc4-compatible --enable-plugin --enable-initfini-array --with-isl=/builddir/build/BUILD/gcc-9.3.1-20200408/obj-x86_64-redhat-linux/isl-install --disable-libmpx --enable-gnu-indirect-function --with-tune=generic --with-arch_32=x86-64 --build=x86_64-redhat-linux]
  ignore line: [Thread model: posix]
  ignore line: [gcc version 9.3.1 20200408 (Red Hat 9.3.1-2) (GCC) ]
  ignore line: [COMPILER_PATH=/opt/rh/devtoolset-9/root/usr/libexec/gcc/x86_64-redhat-linux/9/:/opt/rh/devtoolset-9/root/usr/libexec/gcc/x86_64-redhat-linux/9/:/opt/rh/devtoolset-9/root/usr/libexec/gcc/x86_64-redhat-linux/:/opt/rh/devtoolset-9/root/usr/lib/gcc/x86_64-redhat-linux/9/:/opt/rh/devtoolset-9/root/usr/lib/gcc/x86_64-redhat-linux/]
  ignore line: [LIBRARY_PATH=/opt/rh/devtoolset-9/root/usr/lib/gcc/x86_64-redhat-linux/9/:/opt/rh/devtoolset-9/root/usr/lib/gcc/x86_64-redhat-linux/9/../../../../lib64/:/lib/../lib64/:/usr/lib/../lib64/:/opt/rh/devtoolset-9/root/usr/lib/gcc/x86_64-redhat-linux/9/../../../:/lib/:/usr/lib/]
  ignore line: [COLLECT_GCC_OPTIONS='-v' '-o' 'cmTC_35f8c' '-mtune=generic' '-march=x86-64']
  link line: [ /opt/rh/devtoolset-9/root/usr/libexec/gcc/x86_64-redhat-linux/9/collect2 -plugin /opt/rh/devtoolset-9/root/usr/libexec/gcc/x86_64-redhat-linux/9/liblto_plugin.so -plugin-opt=/opt/rh/devtoolset-9/root/usr/libexec/gcc/x86_64-redhat-linux/9/lto-wrapper -plugin-opt=-fresolution=/tmp/ccsq7AE0.res -plugin-opt=-pass-through=-lgcc -plugin-opt=-pass-through=-lgcc_s -plugin-opt=-pass-through=-lc -plugin-opt=-pass-through=-lgcc -plugin-opt=-pass-through=-lgcc_s --build-id --no-add-needed --eh-frame-hdr --hash-style=gnu -m elf_x86_64 -dynamic-linker /lib64/ld-linux-x86-64.so.2 -o cmTC_35f8c /lib/../lib64/crt1.o /lib/../lib64/crti.o /opt/rh/devtoolset-9/root/usr/lib/gcc/x86_64-redhat-linux/9/crtbegin.o -L/opt/rh/devtoolset-9/root/usr/lib/gcc/x86_64-redhat-linux/9 -L/opt/rh/devtoolset-9/root/usr/lib/gcc/x86_64-redhat-linux/9/../../../../lib64 -L/lib/../lib64 -L/usr/lib/../lib64 -L/opt/rh/devtoolset-9/root/usr/lib/gcc/x86_64-redhat-linux/9/../../.. CMakeFiles/cmTC_35f8c.dir/CMakeCCompilerABI.c.o -lgcc --push-state --as-needed -lgcc_s --pop-state -lc -lgcc --push-state --as-needed -lgcc_s --pop-state /opt/rh/devtoolset-9/root/usr/lib/gcc/x86_64-redhat-linux/9/crtend.o /lib/../lib64/crtn.o]
    arg [/opt/rh/devtoolset-9/root/usr/libexec/gcc/x86_64-redhat-linux/9/collect2] ==> ignore
    arg [-plugin] ==> ignore
    arg [/opt/rh/devtoolset-9/root/usr/libexec/gcc/x86_64-redhat-linux/9/liblto_plugin.so] ==> ignore
    arg [-plugin-opt=/opt/rh/devtoolset-9/root/usr/libexec/gcc/x86_64-redhat-linux/9/lto-wrapper] ==> ignore
    arg [-plugin-opt=-fresolution=/tmp/ccsq7AE0.res] ==> ignore
    arg [-plugin-opt=-pass-through=-lgcc] ==> ignore
    arg [-plugin-opt=-pass-through=-lgcc_s] ==> ignore
    arg [-plugin-opt=-pass-through=-lc] ==> ignore
    arg [-plugin-opt=-pass-through=-lgcc] ==> ignore
    arg [-plugin-opt=-pass-through=-lgcc_s] ==> ignore
    arg [--build-id] ==> ignore
    arg [--no-add-needed] ==> ignore
    arg [--eh-frame-hdr] ==> ignore
    arg [--hash-style=gnu] ==> ignore
    arg [-m] ==> ignore
    arg [elf_x86_64] ==> ignore
    arg [-dynamic-linker] ==> ignore
    arg [/lib64/ld-linux-x86-64.so.2] ==> ignore
    arg [-o] ==> ignore
    arg [cmTC_35f8c] ==> ignore
    arg [/lib/../lib64/crt1.o] ==> ignore
    arg [/lib/../lib64/crti.o] ==> ignore
    arg [/opt/rh/devtoolset-9/root/usr/lib/gcc/x86_64-redhat-linux/9/crtbegin.o] ==> ignore
    arg [-L/opt/rh/devtoolset-9/root/usr/lib/gcc/x86_64-redhat-linux/9] ==> dir [/opt/rh/devtoolset-9/root/usr/lib/gcc/x86_64-redhat-linux/9]
    arg [-L/opt/rh/devtoolset-9/root/usr/lib/gcc/x86_64-redhat-linux/9/../../../../lib64] ==> dir [/opt/rh/devtoolset-9/root/usr/lib/gcc/x86_64-redhat-linux/9/../../../../lib64]
    arg [-L/lib/../lib64] ==> dir [/lib/../lib64]
    arg [-L/usr/lib/../lib64] ==> dir [/usr/lib/../lib64]
    arg [-L/opt/rh/devtoolset-9/root/usr/lib/gcc/x86_64-redhat-linux/9/../../..] ==> dir [/opt/rh/devtoolset-9/root/usr/lib/gcc/x86_64-redhat-linux/9/../../..]
    arg [CMakeFiles/cmTC_35f8c.dir/CMakeCCompilerABI.c.o] ==> ignore
    arg [-lgcc] ==> lib [gcc]
    arg [--push-state] ==> ignore
    arg [--as-needed] ==> ignore
    arg [-lgcc_s] ==> lib [gcc_s]
    arg [--pop-state] ==> ignore
    arg [-lc] ==> lib [c]
    arg [-lgcc] ==> lib [gcc]
    arg [--push-state] ==> ignore
    arg [--as-needed] ==> ignore
    arg [-lgcc_s] ==> lib [gcc_s]
    arg [--pop-state] ==> ignore
    arg [/opt/rh/devtoolset-9/root/usr/lib/gcc/x86_64-redhat-linux/9/crtend.o] ==> ignore
    arg [/lib/../lib64/crtn.o] ==> ignore
  collapse library dir [/opt/rh/devtoolset-9/root/usr/lib/gcc/x86_64-redhat-linux/9] ==> [/opt/rh/devtoolset-9/root/usr/lib/gcc/x86_64-redhat-linux/9]
  collapse library dir [/opt/rh/devtoolset-9/root/usr/lib/gcc/x86_64-redhat-linux/9/../../../../lib64] ==> [/opt/rh/devtoolset-9/root/usr/lib64]
  collapse library dir [/lib/../lib64] ==> [/lib64]
  collapse library dir [/usr/lib/../lib64] ==> [/usr/lib64]
  collapse library dir [/opt/rh/devtoolset-9/root/usr/lib/gcc/x86_64-redhat-linux/9/../../..] ==> [/opt/rh/devtoolset-9/root/usr/lib]
  implicit libs: [gcc;gcc_s;c;gcc;gcc_s]
  implicit dirs: [/opt/rh/devtoolset-9/root/usr/lib/gcc/x86_64-redhat-linux/9;/opt/rh/devtoolset-9/root/usr/lib64;/lib64;/usr/lib64;/opt/rh/devtoolset-9/root/usr/lib]
  implicit fwks: []




Detecting C [-std=c11] compiler features compiled with the following output:
Change Dir: /tmp/tmp.FeYmIOPXsU/cmake-build-debug/CMakeFiles/CMakeTmp

Run Build Command(s):/usr/bin/gmake cmTC_7bcb9/fast 
/usr/bin/gmake -f CMakeFiles/cmTC_7bcb9.dir/build.make CMakeFiles/cmTC_7bcb9.dir/build
gmake[1]: Entering directory `/tmp/tmp.FeYmIOPXsU/cmake-build-debug/CMakeFiles/CMakeTmp'
Building C object CMakeFiles/cmTC_7bcb9.dir/feature_tests.c.o
/usr/bin/cc   -std=c11 -o CMakeFiles/cmTC_7bcb9.dir/feature_tests.c.o   -c /tmp/tmp.FeYmIOPXsU/cmake-build-debug/CMakeFiles/feature_tests.c
Linking C executable cmTC_7bcb9
/usr/local/bin/cmake -E cmake_link_script CMakeFiles/cmTC_7bcb9.dir/link.txt --verbose=1
/usr/bin/cc      CMakeFiles/cmTC_7bcb9.dir/feature_tests.c.o  -o cmTC_7bcb9 
gmake[1]: Leaving directory `/tmp/tmp.FeYmIOPXsU/cmake-build-debug/CMakeFiles/CMakeTmp'


    Feature record: C_FEATURE:1c_function_prototypes
    Feature record: C_FEATURE:1c_restrict
    Feature record: C_FEATURE:1c_static_assert
    Feature record: C_FEATURE:1c_variadic_macros


Detecting C [-std=c99] compiler features compiled with the following output:
Change Dir: /tmp/tmp.FeYmIOPXsU/cmake-build-debug/CMakeFiles/CMakeTmp

Run Build Command(s):/usr/bin/gmake cmTC_d5b23/fast 
/usr/bin/gmake -f CMakeFiles/cmTC_d5b23.dir/build.make CMakeFiles/cmTC_d5b23.dir/build
gmake[1]: Entering directory `/tmp/tmp.FeYmIOPXsU/cmake-build-debug/CMakeFiles/CMakeTmp'
Building C object CMakeFiles/cmTC_d5b23.dir/feature_tests.c.o
/usr/bin/cc   -std=c99 -o CMakeFiles/cmTC_d5b23.dir/feature_tests.c.o   -c /tmp/tmp.FeYmIOPXsU/cmake-build-debug/CMakeFiles/feature_tests.c
Linking C executable cmTC_d5b23
/usr/local/bin/cmake -E cmake_link_script CMakeFiles/cmTC_d5b23.dir/link.txt --verbose=1
/usr/bin/cc      CMakeFiles/cmTC_d5b23.dir/feature_tests.c.o  -o cmTC_d5b23 
gmake[1]: Leaving directory `/tmp/tmp.FeYmIOPXsU/cmake-build-debug/CMakeFiles/CMakeTmp'


    Feature record: C_FEATURE:1c_function_prototypes
    Feature record: C_FEATURE:1c_restrict
    Feature record: C_FEATURE:0c_static_assert
    Feature record: C_FEATURE:1c_variadic_macros


Detecting C [-std=c90] compiler features compiled with the following output:
Change Dir: /tmp/tmp.FeYmIOPXsU/cmake-build-debug/CMakeFiles/CMakeTmp

Run Build Command(s):/usr/bin/gmake cmTC_d8506/fast 
/usr/bin/gmake -f CMakeFiles/cmTC_d8506.dir/build.make CMakeFiles/cmTC_d8506.dir/build
gmake[1]: Entering directory `/tmp/tmp.FeYmIOPXsU/cmake-build-debug/CMakeFiles/CMakeTmp'
Building C object CMakeFiles/cmTC_d8506.dir/feature_tests.c.o
/usr/bin/cc   -std=c90 -o CMakeFiles/cmTC_d8506.dir/feature_tests.c.o   -c /tmp/tmp.FeYmIOPXsU/cmake-build-debug/CMakeFiles/feature_tests.c
Linking C executable cmTC_d8506
/usr/local/bin/cmake -E cmake_link_script CMakeFiles/cmTC_d8506.dir/link.txt --verbose=1
/usr/bin/cc      CMakeFiles/cmTC_d8506.dir/feature_tests.c.o  -o cmTC_d8506 
gmake[1]: Leaving directory `/tmp/tmp.FeYmIOPXsU/cmake-build-debug/CMakeFiles/CMakeTmp'


    Feature record: C_FEATURE:1c_function_prototypes
    Feature record: C_FEATURE:0c_restrict
    Feature record: C_FEATURE:0c_static_assert
    Feature record: C_FEATURE:0c_variadic_macros
